0 silly argv {
0 silly argv   _: [ 'run' ],
0 silly argv   lernaVersion: '3.22.1',
0 silly argv   '$0': 'node_modules\\lerna\\cli.js',
0 silly argv   script: 'dev'
0 silly argv }
1 notice cli v3.22.1
2 verbose rootPath C:\Users\joliva\Desktop\Code\Projects\Fuku.tv
3 info versioning independent
4 info Executing command in 3 packages: "yarn run dev"
5 silly npmRunScript.stream [ 'dev', [], 'fuku.tv-client' ]
6 silly getExecOpts C:\Users\joliva\Desktop\Code\Projects\Fuku.tv\workspaces\client undefined
7 silly npmRunScript.stream [ 'dev', [], 'fuku.tv-lambda' ]
8 silly getExecOpts C:\Users\joliva\Desktop\Code\Projects\Fuku.tv\workspaces\lambda undefined
9 silly npmRunScript.stream [ 'dev', [], 'fuku.tv-server' ]
10 silly getExecOpts C:\Users\joliva\Desktop\Code\Projects\Fuku.tv\workspaces\server undefined
11 error MaxBufferError: stdout maxBuffer exceeded
11 error     at PassThrough.<anonymous> (C:\Users\joliva\Desktop\Code\Projects\Fuku.tv\node_modules\get-stream\index.js:41:19)
11 error     at PassThrough.emit (events.js:326:22)
11 error     at addChunk (_stream_readable.js:307:12)
11 error     at readableAddChunk (_stream_readable.js:278:11)
11 error     at PassThrough.Readable.push (_stream_readable.js:221:10)
11 error     at PassThrough.Transform.push (_stream_transform.js:166:32)
11 error     at PassThrough.afterTransform (_stream_transform.js:101:10)
11 error     at PassThrough._transform (_stream_passthrough.js:46:3)
11 error     at PassThrough.Transform._read (_stream_transform.js:205:10)
